<?xml version="1.0" encoding="UTF-8"?>
<testng-results ignored="0" total="4" passed="3" failed="1" skipped="0">
  <reporter-output>
  </reporter-output>
  <suite started-at="2023-08-06T06:27:21Z" name="Suite" finished-at="2023-08-06T06:27:31Z" duration-ms="9478">
    <groups>
    </groups>
    <test started-at="2023-08-06T06:27:21Z" name="Test" finished-at="2023-08-06T06:27:31Z" duration-ms="9478">
      <class name="Test.HomePageTest">
        <test-method is-config="true" signature="loadbrowser()[pri:0, instance:Test.HomePageTest@4671115f]" started-at="2023-08-06T11:57:21Z" name="loadbrowser" finished-at="2023-08-06T11:57:26Z" duration-ms="5106" status="PASS">
          <reporter-output>
          </reporter-output>
        </test-method> <!-- loadbrowser -->
        <test-method signature="TestpageTitle()[pri:0, instance:Test.HomePageTest@4671115f]" started-at="2023-08-06T11:57:26Z" name="TestpageTitle" finished-at="2023-08-06T11:57:28Z" duration-ms="1475" status="FAIL">
          <exception class="java.lang.AssertionError">
            <message>
              <![CDATA[Title not matching expected [Swag Labs] but found [Swag Labs1]]]>
            </message>
            <full-stacktrace>
              <![CDATA[java.lang.AssertionError: Title not matching expected [Swag Labs] but found [Swag Labs1]
	at org.testng.Assert.fail(Assert.java:94)
	at org.testng.Assert.failNotEquals(Assert.java:513)
	at org.testng.Assert.assertEqualsImpl(Assert.java:135)
	at org.testng.Assert.assertEquals(Assert.java:116)
	at org.testng.Assert.assertEquals(Assert.java:190)
	at pageFactory.HomePage.getTitle(HomePage.java:78)
	at Test.HomePageTest.TestpageTitle(HomePageTest.java:19)
	at java.base/jdk.internal.reflect.NativeMethodAccessorImpl.invoke0(Native Method)
	at java.base/jdk.internal.reflect.NativeMethodAccessorImpl.invoke(NativeMethodAccessorImpl.java:62)
	at java.base/jdk.internal.reflect.DelegatingMethodAccessorImpl.invoke(DelegatingMethodAccessorImpl.java:43)
	at java.base/java.lang.reflect.Method.invoke(Method.java:566)
	at org.testng.internal.MethodInvocationHelper.invokeMethod(MethodInvocationHelper.java:104)
	at org.testng.internal.Invoker.invokeMethod(Invoker.java:645)
	at org.testng.internal.Invoker.invokeTestMethod(Invoker.java:851)
	at org.testng.internal.Invoker.invokeTestMethods(Invoker.java:1177)
	at org.testng.internal.TestMethodWorker.invokeTestMethods(TestMethodWorker.java:129)
	at org.testng.internal.TestMethodWorker.run(TestMethodWorker.java:112)
	at org.testng.TestRunner.privateRun(TestRunner.java:756)
	at org.testng.TestRunner.run(TestRunner.java:610)
	at org.testng.SuiteRunner.runTest(SuiteRunner.java:387)
	at org.testng.SuiteRunner.runSequentially(SuiteRunner.java:382)
	at org.testng.SuiteRunner.privateRun(SuiteRunner.java:340)
	at org.testng.SuiteRunner.run(SuiteRunner.java:289)
	at org.testng.SuiteRunnerWorker.runSuite(SuiteRunnerWorker.java:52)
	at org.testng.SuiteRunnerWorker.run(SuiteRunnerWorker.java:86)
	at org.testng.TestNG.runSuitesSequentially(TestNG.java:1293)
	at org.testng.TestNG.runSuitesLocally(TestNG.java:1218)
	at org.testng.TestNG.runSuites(TestNG.java:1133)
	at org.testng.TestNG.run(TestNG.java:1104)
	at org.testng.remote.AbstractRemoteTestNG.run(AbstractRemoteTestNG.java:115)
	at org.testng.remote.RemoteTestNG.initAndRun(RemoteTestNG.java:251)
	at org.testng.remote.RemoteTestNG.main(RemoteTestNG.java:77)
]]>
            </full-stacktrace>
          </exception> <!-- java.lang.AssertionError -->
          <reporter-output>
          </reporter-output>
        </test-method> <!-- TestpageTitle -->
        <test-method signature="Login()[pri:1, instance:Test.HomePageTest@4671115f]" started-at="2023-08-06T11:57:28Z" name="Login" finished-at="2023-08-06T11:57:29Z" duration-ms="547" status="PASS">
          <reporter-output>
          </reporter-output>
        </test-method> <!-- Login -->
        <test-method signature="readExcel()[pri:2, instance:Test.HomePageTest@4671115f]" started-at="2023-08-06T11:57:29Z" name="readExcel" finished-at="2023-08-06T11:57:30Z" duration-ms="1447" status="PASS">
          <reporter-output>
          </reporter-output>
        </test-method> <!-- readExcel -->
        <test-method is-config="true" signature="closeDriver()[pri:0, instance:Test.HomePageTest@4671115f]" started-at="2023-08-06T11:57:30Z" name="closeDriver" finished-at="2023-08-06T11:57:31Z" duration-ms="408" status="PASS">
          <reporter-output>
          </reporter-output>
        </test-method> <!-- closeDriver -->
      </class> <!-- Test.HomePageTest -->
      <class name="Test.ProductsPageTest">
        <test-method signature="verify_Productspage()[pri:3, instance:Test.ProductsPageTest@36cda2c2]" started-at="2023-08-06T11:57:30Z" name="verify_Productspage" finished-at="2023-08-06T11:57:30Z" duration-ms="63" status="PASS">
          <reporter-output>
          </reporter-output>
        </test-method> <!-- verify_Productspage -->
      </class> <!-- Test.ProductsPageTest -->
    </test> <!-- Test -->
  </suite> <!-- Suite -->
</testng-results>
